<?xml version="1.0" encoding="UTF-8"?>
<testsuite xmlns:xsi="http://www.w3.org/2001/XMLSchema-instance" xsi:noNamespaceSchemaLocation="https://maven.apache.org/surefire/maven-surefire-plugin/xsd/surefire-test-report-3.0.xsd" version="3.0" name="TestSuite" time="2.853" tests="3" errors="0" skipped="0" failures="0">
  <properties>
    <property name="sun.desktop" value="windows"/>
    <property name="awt.toolkit" value="sun.awt.windows.WToolkit"/>
    <property name="java.specification.version" value="11"/>
    <property name="sun.cpu.isalist" value="amd64"/>
    <property name="sun.jnu.encoding" value="Cp1252"/>
    <property name="java.class.path" value="C:\Users\Ashok.Anumandla\Downloads\testng-demo\target\test-classes;C:\Users\Ashok.Anumandla\Downloads\testng-demo\target\classes;C:\Users\Ashok.Anumandla\.m2\repository\org\testng\testng\7.4.0\testng-7.4.0.jar;C:\Users\Ashok.Anumandla\.m2\repository\com\beust\jcommander\1.78\jcommander-1.78.jar;C:\Users\Ashok.Anumandla\.m2\repository\org\webjars\jquery\3.5.1\jquery-3.5.1.jar;C:\Users\Ashok.Anumandla\.m2\repository\com\relevantcodes\extentreports\2.41.2\extentreports-2.41.2.jar;C:\Users\Ashok.Anumandla\.m2\repository\org\jsoup\jsoup\1.8.3\jsoup-1.8.3.jar;C:\Users\Ashok.Anumandla\.m2\repository\org\xerial\sqlite-jdbc\3.8.11.1\sqlite-jdbc-3.8.11.1.jar;C:\Users\Ashok.Anumandla\.m2\repository\org\freemarker\freemarker\2.3.23\freemarker-2.3.23.jar;C:\Users\Ashok.Anumandla\.m2\repository\org\mongodb\mongodb-driver\3.0.4\mongodb-driver-3.0.4.jar;C:\Users\Ashok.Anumandla\.m2\repository\org\mongodb\bson\3.0.4\bson-3.0.4.jar;C:\Users\Ashok.Anumandla\.m2\repository\org\mongodb\mongodb-driver-core\3.0.4\mongodb-driver-core-3.0.4.jar;"/>
    <property name="java.vm.vendor" value="Eclipse Foundation"/>
    <property name="sun.arch.data.model" value="64"/>
    <property name="user.variant" value=""/>
    <property name="java.vendor.url" value="https://adoptium.net/"/>
    <property name="user.timezone" value="Asia/Calcutta"/>
    <property name="java.vm.specification.version" value="11"/>
    <property name="os.name" value="Windows 10"/>
    <property name="sun.java.launcher" value="SUN_STANDARD"/>
    <property name="user.country" value="US"/>
    <property name="sun.boot.library.path" value="C:\Program Files\Eclipse Foundation\jdk-11.0.12.7-hotspot\bin"/>
    <property name="sun.java.command" value="C:\Users\Ashok.Anumandla\AppData\Local\Temp\surefire13040309786936324292\surefirebooter8428729591192739450.jar C:\Users\Ashok.Anumandla\AppData\Local\Temp\surefire13040309786936324292 2021-11-15T22-51-50_349-jvmRun1 surefire6253186498444130016tmp surefire_095026983614625432tmp"/>
    <property name="jdk.debug" value="release"/>
    <property name="surefire.test.class.path" value="C:\Users\Ashok.Anumandla\Downloads\testng-demo\target\test-classes;C:\Users\Ashok.Anumandla\Downloads\testng-demo\target\classes;C:\Users\Ashok.Anumandla\.m2\repository\org\testng\testng\7.4.0\testng-7.4.0.jar;C:\Users\Ashok.Anumandla\.m2\repository\com\beust\jcommander\1.78\jcommander-1.78.jar;C:\Users\Ashok.Anumandla\.m2\repository\org\webjars\jquery\3.5.1\jquery-3.5.1.jar;C:\Users\Ashok.Anumandla\.m2\repository\com\relevantcodes\extentreports\2.41.2\extentreports-2.41.2.jar;C:\Users\Ashok.Anumandla\.m2\repository\org\jsoup\jsoup\1.8.3\jsoup-1.8.3.jar;C:\Users\Ashok.Anumandla\.m2\repository\org\xerial\sqlite-jdbc\3.8.11.1\sqlite-jdbc-3.8.11.1.jar;C:\Users\Ashok.Anumandla\.m2\repository\org\freemarker\freemarker\2.3.23\freemarker-2.3.23.jar;C:\Users\Ashok.Anumandla\.m2\repository\org\mongodb\mongodb-driver\3.0.4\mongodb-driver-3.0.4.jar;C:\Users\Ashok.Anumandla\.m2\repository\org\mongodb\bson\3.0.4\bson-3.0.4.jar;C:\Users\Ashok.Anumandla\.m2\repository\org\mongodb\mongodb-driver-core\3.0.4\mongodb-driver-core-3.0.4.jar;"/>
    <property name="sun.cpu.endian" value="little"/>
    <property name="user.home" value="C:\Users\Ashok.Anumandla"/>
    <property name="user.language" value="en"/>
    <property name="java.specification.vendor" value="Oracle Corporation"/>
    <property name="java.version.date" value="2021-07-20"/>
    <property name="java.home" value="C:\Program Files\Eclipse Foundation\jdk-11.0.12.7-hotspot"/>
    <property name="file.separator" value="\"/>
    <property name="basedir" value="C:\Users\Ashok.Anumandla\Downloads\testng-demo"/>
    <property name="java.vm.compressedOopsMode" value="Zero based"/>
    <property name="line.separator" value="&#10;"/>
    <property name="java.specification.name" value="Java Platform API Specification"/>
    <property name="java.vm.specification.vendor" value="Oracle Corporation"/>
    <property name="java.awt.graphicsenv" value="sun.awt.Win32GraphicsEnvironment"/>
    <property name="surefire.real.class.path" value="C:\Users\Ashok.Anumandla\AppData\Local\Temp\surefire13040309786936324292\surefirebooter8428729591192739450.jar"/>
    <property name="user.script" value=""/>
    <property name="sun.management.compiler" value="HotSpot 64-Bit Tiered Compilers"/>
    <property name="java.runtime.version" value="11.0.12+7"/>
    <property name="user.name" value="Ashok.Anumandla"/>
    <property name="path.separator" value=";"/>
    <property name="os.version" value="10.0"/>
    <property name="java.runtime.name" value="OpenJDK Runtime Environment"/>
    <property name="file.encoding" value="Cp1252"/>
    <property name="java.vm.name" value="OpenJDK 64-Bit Server VM"/>
    <property name="java.vendor.version" value="Temurin-11.0.12+7"/>
    <property name="localRepository" value="C:\Users\Ashok.Anumandla\.m2\repository"/>
    <property name="java.vendor.url.bug" value="https://github.com/adoptium/adoptium-support/issues"/>
    <property name="java.io.tmpdir" value="C:\Users\ASHOK~1.ANU\AppData\Local\Temp\"/>
    <property name="java.version" value="11.0.12"/>
    <property name="user.dir" value="C:\Users\Ashok.Anumandla\Downloads\testng-demo"/>
    <property name="os.arch" value="amd64"/>
    <property name="java.vm.specification.name" value="Java Virtual Machine Specification"/>
    <property name="java.awt.printerjob" value="sun.awt.windows.WPrinterJob"/>
    <property name="sun.os.patch.level" value=""/>
    <property name="java.library.path" value="C:\Program Files\Eclipse Foundation\jdk-11.0.12.7-hotspot\bin;C:\WINDOWS\Sun\Java\bin;C:\WINDOWS\system32;C:\WINDOWS;C:\Program Files\Eclipse Foundation\jdk-11.0.12.7-hotspot\bin;C:\Program Files\Java\jdk1.8.0_131\bin;C:\Program Files (x86)\Common Files\Oracle\Java\javapath;C:\ProgramData\Oracle\Java\javapath;C:\Program Files (x86)\Intel\Intel(R) Management Engine Components\iCLS\;C:\Program Files\Intel\Intel(R) Management Engine Components\iCLS\;C:\Windows\system32;C:\Windows;C:\Windows\System32\Wbem;C:\Windows\System32\WindowsPowerShell\v1.0\;C:\Windows\System32\OpenSSH\;C:\Program Files (x86)\Intel\Intel(R) Management Engine Components\DAL;C:\Program Files\Intel\Intel(R) Management Engine Components\DAL;C:\Program Files\Intel\WiFi\bin\;C:\Program Files\Common Files\Intel\WirelessCommon\;C:\Program Files\TortoiseSVN\bin;C:\instantclient_19_6;C:\Program Files\Microsoft OLE DB Provider for DB2\System\;C:\Program Files\PuTTY\;C:\Users\Ashok.Anumandla\Downloads\mysql-8.0.20-winx64\bin;C:\Program Files\Git\cmd;C:\Program Files\nodejs\;C:\Program Files (x86)\Windows Kits\10\Windows Performance Toolkit\;C:\Program Files\Java\jdk1.8.0_131\bin;C:\Users\Ashok.Anumandla\Downloads\apache-maven-3.6.3\bin;C:\WINDOWS\system32;C:\WINDOWS;C:\WINDOWS\System32\Wbem;C:\WINDOWS\System32\WindowsPowerShell\v1.0\;C:\WINDOWS\System32\OpenSSH\;C:\Users\Ashok.Anumandla\Downloads\apache-tomcat-9.0.54\bin;C:\Users\Ashok.Anumandla\AppData\Local\Programs\Python\Python38\Scripts\;C:\Users\Ashok.Anumandla\AppData\Local\Programs\Python\Python38\;C:\Users\Ashok.Anumandla\AppData\Local\Microsoft\WindowsApps;C:\Users\Ashok.Anumandla\AppData\Local\Programs\Microsoft VS Code\bin;C:\Users\Ashok.Anumandla\AppData\Roaming\npm;C:\Program Files (x86)\BrowserStackLocal\;C:\Program Files\JetBrains\IntelliJ IDEA Community Edition 2021.2.1\bin;;C:\Program Files (x86)\Google\Chrome\Application;;."/>
    <property name="java.vm.info" value="mixed mode"/>
    <property name="java.vendor" value="Eclipse Foundation"/>
    <property name="java.vm.version" value="11.0.12+7"/>
    <property name="sun.io.unicode.encoding" value="UnicodeLittle"/>
    <property name="java.class.version" value="55.0"/>
  </properties>
  <testcase name="rMethod" classname="com.app.FirstTest" time="0.004">
    <system-out><![CDATA[Method R
]]></system-out>
  </testcase>
  <testcase name="cMethod" classname="com.app.FirstTest" time="0.003">
    <system-out><![CDATA[Method C
]]></system-out>
  </testcase>
  <testcase name="bMethod" classname="com.app.FirstTest" time="0.001">
    <system-out><![CDATA[Method B
]]></system-out>
  </testcase>
</testsuite>