<?xml version="1.0" encoding="UTF-8"?>
<!-- Generated by org.testng.reporters.JUnitReportReporter -->
<testsuite hostname="INLT2046" failures="0" tests="4" name="com.app.FirstTest" time="0.008" errors="0" timestamp="2021-11-15T22:51:56 IST" skipped="1">
  <testcase classname="com.app.FirstTest" name="rMethod" time="0.002"/>
  <system-out/>
  <testcase classname="com.app.FirstTest" name="cMethod" time="0.005"/>
  <system-out/>
  <testcase classname="com.app.FirstTest" name="bMethod" time="0.001"/>
  <system-out/>
  <testcase classname="com.app.FirstTest" name="sMethod">
    <skipped/>
  </testcase> <!-- sMethod -->
  <system-out/>
</testsuite> <!-- com.app.FirstTest -->
